# JRE version: OpenJDK Runtime Environment Temurin-21.0.5+11 (21.0.5+11) (build 21.0.5+11-LTS)
# Java VM: OpenJDK 64-Bit Server VM Temurin-21.0.5+11 (21.0.5+11-LTS, mixed mode, tiered, compressed oops, compressed class ptrs, g1 gc, windows-amd64)
GC Precious Log:
 CardTable entry size: 512
 Card Set container configuration: InlinePtr #cards 5 size 8 Array Of Cards #cards 12 size 40 Howl #buckets 4 coarsen threshold 1843 Howl Bitmap #cards 512 size 80 coarsen threshold 460 Card regions per heap region 1 cards per card region 2048
 CPUs: 8 total, 8 available
 Memory: 16231M
 Large Page Support: Disabled
 NUMA Support: Disabled
 Compressed Oops: Enabled (32-bit)
 Heap Region Size: 1M
 Heap Min Capacity: 64M
 Heap Initial Capacity: 64M
 Heap Max Capacity: 1G
 Pre-touch: Disabled
 Parallel Workers: 8
 Concurrent Workers: 2
 Concurrent Refinement Workers: 8
 Periodic GC: Disabled
Heap:
 garbage-first heap   total 92160K, used 57245K [0x00000000c0000000, 0x0000000100000000)
  region size 1024K, 16 young (16384K), 1 survivors (1024K)
 Metaspace       used 87566K, committed 89536K, reserved 1179648K
  class space    used 9930K, committed 10880K, reserved 1048576K
GC Heap History (20 events):
Event: 160641.383 GC heap before
{Heap before GC invocations=161 (full 0):
 garbage-first heap   total 92160K, used 85012K [0x00000000c0000000, 0x0000000100000000)
  region size 1024K, 42 young (43008K), 1 survivors (1024K)
 Metaspace       used 87485K, committed 89536K, reserved 1179648K
  class space    used 9919K, committed 10880K, reserved 1048576K
}
Event: 160641.402 GC heap after
{Heap after GC invocations=162 (full 0):
 garbage-first heap   total 92160K, used 43038K [0x00000000c0000000, 0x0000000100000000)
  region size 1024K, 1 young (1024K), 1 survivors (1024K)
 Metaspace       used 87485K, committed 89536K, reserved 1179648K
  class space    used 9919K, committed 10880K, reserved 1048576K
}
Event: 162243.843 GC heap before
{Heap before GC invocations=163 (full 0):
 garbage-first heap   total 92160K, used 85022K [0x00000000c0000000, 0x0000000100000000)
  region size 1024K, 42 young (43008K), 1 survivors (1024K)
 Metaspace       used 87485K, committed 89536K, reserved 1179648K
  class space    used 9919K, committed 10880K, reserved 1048576K
}
Event: 162243.846 GC heap after
{Heap after GC invocations=164 (full 0):
 garbage-first heap   total 92160K, used 43042K [0x00000000c0000000, 0x0000000100000000)
  region size 1024K, 1 young (1024K), 1 survivors (1024K)
 Metaspace       used 87485K, committed 89536K, reserved 1179648K
  class space    used 9919K, committed 10880K, reserved 1048576K
}
Event: 164212.374 GC heap before
{Heap before GC invocations=164 (full 0):
 garbage-first heap   total 92160K, used 85026K [0x00000000c0000000, 0x0000000100000000)
  region size 1024K, 42 young (43008K), 1 survivors (1024K)
 Metaspace       used 87486K, committed 89536K, reserved 1179648K
  class space    used 9920K, committed 10880K, reserved 1048576K
}
Event: 164212.507 GC heap after
{Heap after GC invocations=165 (full 0):
 garbage-first heap   total 92160K, used 43044K [0x00000000c0000000, 0x0000000100000000)
  region size 1024K, 1 young (1024K), 1 survivors (1024K)
 Metaspace       used 87486K, committed 89536K, reserved 1179648K
  class space    used 9920K, committed 10880K, reserved 1048576K
}
Event: 165769.088 GC heap before
{Heap before GC invocations=166 (full 0):
 garbage-first heap   total 92160K, used 85028K [0x00000000c0000000, 0x0000000100000000)
  region size 1024K, 42 young (43008K), 1 survivors (1024K)
 Metaspace       used 87486K, committed 89536K, reserved 1179648K
  class space    used 9920K, committed 10880K, reserved 1048576K
}
Event: 165769.135 GC heap after
{Heap after GC invocations=167 (full 0):
 garbage-first heap   total 92160K, used 43177K [0x00000000c0000000, 0x0000000100000000)
  region size 1024K, 1 young (1024K), 1 survivors (1024K)
 Metaspace       used 87486K, committed 89536K, reserved 1179648K
  class space    used 9920K, committed 10880K, reserved 1048576K
}
Event: 167480.757 GC heap before
{Heap before GC invocations=167 (full 0):
 garbage-first heap   total 92160K, used 85161K [0x00000000c0000000, 0x0000000100000000)
  region size 1024K, 42 young (43008K), 1 survivors (1024K)
 Metaspace       used 87486K, committed 89536K, reserved 1179648K
  class space    used 9920K, committed 10880K, reserved 1048576K
}
Event: 167480.838 GC heap after
{Heap after GC invocations=168 (full 0):
 garbage-first heap   total 92160K, used 43060K [0x00000000c0000000, 0x0000000100000000)
  region size 1024K, 1 young (1024K), 1 survivors (1024K)
 Metaspace       used 87486K, committed 89536K, reserved 1179648K
  class space    used 9920K, committed 10880K, reserved 1048576K
}
Event: 169196.836 GC heap before
{Heap before GC invocations=169 (full 0):
 garbage-first heap   total 92160K, used 85044K [0x00000000c0000000, 0x0000000100000000)
  region size 1024K, 42 young (43008K), 1 survivors (1024K)
 Metaspace       used 87486K, committed 89536K, reserved 1179648K
  class space    used 9920K, committed 10880K, reserved 1048576K
}
Event: 169196.922 GC heap after
{Heap after GC invocations=170 (full 0):
 garbage-first heap   total 92160K, used 43066K [0x00000000c0000000, 0x0000000100000000)
  region size 1024K, 1 young (1024K), 1 survivors (1024K)
 Metaspace       used 87486K, committed 89536K, reserved 1179648K
  class space    used 9920K, committed 10880K, reserved 1048576K
}
Event: 170783.463 GC heap before
{Heap before GC invocations=170 (full 0):
 garbage-first heap   total 92160K, used 85050K [0x00000000c0000000, 0x0000000100000000)
  region size 1024K, 42 young (43008K), 1 survivors (1024K)
 Metaspace       used 87486K, committed 89536K, reserved 1179648K
  class space    used 9920K, committed 10880K, reserved 1048576K
}
Event: 170783.535 GC heap after
{Heap after GC invocations=171 (full 0):
 garbage-first heap   total 92160K, used 43084K [0x00000000c0000000, 0x0000000100000000)
  region size 1024K, 1 young (1024K), 1 survivors (1024K)
 Metaspace       used 87486K, committed 89536K, reserved 1179648K
  class space    used 9920K, committed 10880K, reserved 1048576K
}
Event: 189762.999 GC heap before
{Heap before GC invocations=172 (full 0):
 garbage-first heap   total 92160K, used 84044K [0x00000000c0000000, 0x0000000100000000)
  region size 1024K, 41 young (41984K), 1 survivors (1024K)
 Metaspace       used 87487K, committed 89536K, reserved 1179648K
  class space    used 9920K, committed 10880K, reserved 1048576K
}
Event: 189763.052 GC heap after
{Heap after GC invocations=173 (full 0):
 garbage-first heap   total 92160K, used 43130K [0x00000000c0000000, 0x0000000100000000)
  region size 1024K, 1 young (1024K), 1 survivors (1024K)
 Metaspace       used 87487K, committed 89536K, reserved 1179648K
  class space    used 9920K, committed 10880K, reserved 1048576K
}
Event: 191459.305 GC heap before
{Heap before GC invocations=173 (full 0):
 garbage-first heap   total 92160K, used 84090K [0x00000000c0000000, 0x0000000100000000)
  region size 1024K, 41 young (41984K), 1 survivors (1024K)
 Metaspace       used 87487K, committed 89536K, reserved 1179648K
  class space    used 9920K, committed 10880K, reserved 1048576K
}
Event: 191459.358 GC heap after
{Heap after GC invocations=174 (full 0):
 garbage-first heap   total 92160K, used 42911K [0x00000000c0000000, 0x0000000100000000)
  region size 1024K, 1 young (1024K), 1 survivors (1024K)
 Metaspace       used 87487K, committed 89536K, reserved 1179648K
  class space    used 9920K, committed 10880K, reserved 1048576K
}
Event: 193131.996 GC heap before
{Heap before GC invocations=174 (full 0):
 garbage-first heap   total 92160K, used 84895K [0x00000000c0000000, 0x0000000100000000)
  region size 1024K, 42 young (43008K), 1 survivors (1024K)
 Metaspace       used 87487K, committed 89536K, reserved 1179648K
  class space    used 9920K, committed 10880K, reserved 1048576K
}
Event: 193132.078 GC heap after
{Heap after GC invocations=175 (full 0):
 garbage-first heap   total 92160K, used 42909K [0x00000000c0000000, 0x0000000100000000)
  region size 1024K, 1 young (1024K), 1 survivors (1024K)
 Metaspace       used 87487K, committed 89536K, reserved 1179648K
  class space    used 9920K, committed 10880K, reserved 1048576K
}

